2020-03-13 17:46:50.071 INFO  [main] o.s.d.r.config.RepositoryConfigurationDelegate - Bootstrapping Spring Data repositories in DEFAULT mode.
2020-03-13 17:46:50.216 INFO  [main] o.s.d.r.config.RepositoryConfigurationDelegate - Finished Spring Data repository scanning in 129ms. Found 9 repository interfaces.
2020-03-13 17:46:50.695 INFO  [main] o.s.c.s.PostProcessorRegistrationDelegate$BeanPostProcessorChecker - Bean 'org.springframework.transaction.annotation.ProxyTransactionManagementConfiguration' of type [org.springframework.transaction.annotation.ProxyTransactionManagementConfiguration$$EnhancerBySpringCGLIB$$78f7bbd9] is not eligible for getting processed by all BeanPostProcessors (for example: not eligible for auto-proxying)
2020-03-13 17:46:51.196 INFO  [main] o.s.boot.web.embedded.tomcat.TomcatWebServer - Tomcat initialized with port(s): 8081 (http)
2020-03-13 17:46:51.217 INFO  [main] org.apache.coyote.http11.Http11NioProtocol - Initializing ProtocolHandler ["http-nio-8081"]
2020-03-13 17:46:51.228 INFO  [main] org.apache.catalina.core.StandardService - Starting service [Tomcat]
2020-03-13 17:46:51.228 INFO  [main] org.apache.catalina.core.StandardEngine - Starting Servlet engine: [Apache Tomcat/9.0.22]
2020-03-13 17:46:51.485 INFO  [main] o.a.c.core.ContainerBase.[Tomcat].[localhost].[/] - Initializing Spring embedded WebApplicationContext
2020-03-13 17:46:51.486 INFO  [main] org.springframework.web.context.ContextLoader - Root WebApplicationContext: initialization completed in 2739 ms
2020-03-13 17:46:51.722 INFO  [main] com.zaxxer.hikari.HikariDataSource - ExpendHikariCP - Starting...
2020-03-13 17:46:51.875 INFO  [main] com.zaxxer.hikari.pool.PoolBase - ExpendHikariCP - Driver does not support get/set network timeout for connections. (com.mysql.jdbc.JDBC4Connection.getNetworkTimeout()I)
2020-03-13 17:46:51.882 INFO  [main] com.zaxxer.hikari.HikariDataSource - ExpendHikariCP - Start completed.
2020-03-13 17:46:51.946 INFO  [main] org.hibernate.jpa.internal.util.LogHelper - HHH000204: Processing PersistenceUnitInfo [
	name: default
	...]
2020-03-13 17:46:52.065 INFO  [main] org.hibernate.Version - HHH000412: Hibernate Core {5.3.10.Final}
2020-03-13 17:46:52.068 INFO  [main] org.hibernate.cfg.Environment - HHH000206: hibernate.properties not found
2020-03-13 17:46:52.269 INFO  [main] org.hibernate.annotations.common.Version - HCANN000001: Hibernate Commons Annotations {5.0.4.Final}
2020-03-13 17:46:52.532 INFO  [main] org.hibernate.dialect.Dialect - HHH000400: Using dialect: org.hibernate.dialect.MySQL5Dialect
2020-03-13 17:46:53.457 INFO  [main] o.s.orm.jpa.LocalContainerEntityManagerFactoryBean - Initialized JPA EntityManagerFactory for persistence unit 'default'
2020-03-13 17:46:53.748 WARN  [main] o.s.b.w.s.c.AnnotationConfigServletWebServerApplicationContext - Exception encountered during context initialization - cancelling refresh attempt: org.springframework.beans.factory.BeanCreationException: Error creating bean with name 'propertiesConfig': Injection of autowired dependencies failed; nested exception is java.lang.IllegalArgumentException: Could not resolve placeholder 'http.static.url' in value "${http.static.url}"
2020-03-13 17:46:53.749 INFO  [main] o.s.orm.jpa.LocalContainerEntityManagerFactoryBean - Closing JPA EntityManagerFactory for persistence unit 'default'
2020-03-13 17:46:53.751 INFO  [main] com.zaxxer.hikari.HikariDataSource - ExpendHikariCP - Shutdown initiated...
2020-03-13 17:46:53.759 INFO  [main] com.zaxxer.hikari.HikariDataSource - ExpendHikariCP - Shutdown completed.
2020-03-13 17:46:53.762 INFO  [main] org.apache.catalina.core.StandardService - Stopping service [Tomcat]
2020-03-13 17:46:53.776 INFO  [main] o.s.b.a.l.ConditionEvaluationReportLoggingListener - 

Error starting ApplicationContext. To display the conditions report re-run your application with 'debug' enabled.
2020-03-13 17:46:53.787 ERROR [main] org.springframework.boot.SpringApplication - Application run failed
org.springframework.beans.factory.BeanCreationException: Error creating bean with name 'propertiesConfig': Injection of autowired dependencies failed; nested exception is java.lang.IllegalArgumentException: Could not resolve placeholder 'http.static.url' in value "${http.static.url}"
	at org.springframework.beans.factory.annotation.AutowiredAnnotationBeanPostProcessor.postProcessProperties(AutowiredAnnotationBeanPostProcessor.java:380)
	at org.springframework.beans.factory.support.AbstractAutowireCapableBeanFactory.populateBean(AbstractAutowireCapableBeanFactory.java:1411)
	at org.springframework.beans.factory.support.AbstractAutowireCapableBeanFactory.doCreateBean(AbstractAutowireCapableBeanFactory.java:592)
	at org.springframework.beans.factory.support.AbstractAutowireCapableBeanFactory.createBean(AbstractAutowireCapableBeanFactory.java:515)
	at org.springframework.beans.factory.support.AbstractBeanFactory.lambda$doGetBean$0(AbstractBeanFactory.java:320)
	at org.springframework.beans.factory.support.DefaultSingletonBeanRegistry.getSingleton(DefaultSingletonBeanRegistry.java:222)
	at org.springframework.beans.factory.support.AbstractBeanFactory.doGetBean(AbstractBeanFactory.java:318)
	at org.springframework.beans.factory.support.AbstractBeanFactory.getBean(AbstractBeanFactory.java:199)
	at org.springframework.beans.factory.support.DefaultListableBeanFactory.preInstantiateSingletons(DefaultListableBeanFactory.java:845)
	at org.springframework.context.support.AbstractApplicationContext.finishBeanFactoryInitialization(AbstractApplicationContext.java:877)
	at org.springframework.context.support.AbstractApplicationContext.refresh(AbstractApplicationContext.java:549)
	at org.springframework.boot.web.servlet.context.ServletWebServerApplicationContext.refresh(ServletWebServerApplicationContext.java:141)
	at org.springframework.boot.SpringApplication.refresh(SpringApplication.java:743)
	at org.springframework.boot.SpringApplication.refreshContext(SpringApplication.java:390)
	at org.springframework.boot.SpringApplication.run(SpringApplication.java:312)
	at org.springframework.boot.SpringApplication.run(SpringApplication.java:1214)
	at org.springframework.boot.SpringApplication.run(SpringApplication.java:1203)
	at com.yeming.site.SiteApplication.main(SiteApplication.java:16)
Caused by: java.lang.IllegalArgumentException: Could not resolve placeholder 'http.static.url' in value "${http.static.url}"
	at org.springframework.util.PropertyPlaceholderHelper.parseStringValue(PropertyPlaceholderHelper.java:178)
	at org.springframework.util.PropertyPlaceholderHelper.replacePlaceholders(PropertyPlaceholderHelper.java:124)
	at org.springframework.core.env.AbstractPropertyResolver.doResolvePlaceholders(AbstractPropertyResolver.java:237)
	at org.springframework.core.env.AbstractPropertyResolver.resolveRequiredPlaceholders(AbstractPropertyResolver.java:211)
	at org.springframework.context.support.PropertySourcesPlaceholderConfigurer.lambda$processProperties$0(PropertySourcesPlaceholderConfigurer.java:175)
	at org.springframework.beans.factory.support.AbstractBeanFactory.resolveEmbeddedValue(AbstractBeanFactory.java:851)
	at org.springframework.beans.factory.support.DefaultListableBeanFactory.doResolveDependency(DefaultListableBeanFactory.java:1192)
	at org.springframework.beans.factory.support.DefaultListableBeanFactory.resolveDependency(DefaultListableBeanFactory.java:1171)
	at org.springframework.beans.factory.annotation.AutowiredAnnotationBeanPostProcessor$AutowiredFieldElement.inject(AutowiredAnnotationBeanPostProcessor.java:593)
	at org.springframework.beans.factory.annotation.InjectionMetadata.inject(InjectionMetadata.java:90)
	at org.springframework.beans.factory.annotation.AutowiredAnnotationBeanPostProcessor.postProcessProperties(AutowiredAnnotationBeanPostProcessor.java:374)
	... 17 common frames omitted
2020-03-13 17:48:30.667 INFO  [main] o.s.d.r.config.RepositoryConfigurationDelegate - Bootstrapping Spring Data repositories in DEFAULT mode.
2020-03-13 17:48:30.808 INFO  [main] o.s.d.r.config.RepositoryConfigurationDelegate - Finished Spring Data repository scanning in 126ms. Found 9 repository interfaces.
2020-03-13 17:48:31.320 INFO  [main] o.s.c.s.PostProcessorRegistrationDelegate$BeanPostProcessorChecker - Bean 'org.springframework.transaction.annotation.ProxyTransactionManagementConfiguration' of type [org.springframework.transaction.annotation.ProxyTransactionManagementConfiguration$$EnhancerBySpringCGLIB$$c8a17eb1] is not eligible for getting processed by all BeanPostProcessors (for example: not eligible for auto-proxying)
2020-03-13 17:48:31.816 INFO  [main] o.s.boot.web.embedded.tomcat.TomcatWebServer - Tomcat initialized with port(s): 8081 (http)
2020-03-13 17:48:31.843 INFO  [main] org.apache.coyote.http11.Http11NioProtocol - Initializing ProtocolHandler ["http-nio-8081"]
2020-03-13 17:48:31.859 INFO  [main] org.apache.catalina.core.StandardService - Starting service [Tomcat]
2020-03-13 17:48:31.859 INFO  [main] org.apache.catalina.core.StandardEngine - Starting Servlet engine: [Apache Tomcat/9.0.22]
2020-03-13 17:48:32.160 INFO  [main] o.a.c.core.ContainerBase.[Tomcat].[localhost].[/] - Initializing Spring embedded WebApplicationContext
2020-03-13 17:48:32.161 INFO  [main] org.springframework.web.context.ContextLoader - Root WebApplicationContext: initialization completed in 3014 ms
2020-03-13 17:48:32.461 INFO  [main] com.zaxxer.hikari.HikariDataSource - ExpendHikariCP - Starting...
2020-03-13 17:48:32.650 INFO  [main] com.zaxxer.hikari.pool.PoolBase - ExpendHikariCP - Driver does not support get/set network timeout for connections. (com.mysql.jdbc.JDBC4Connection.getNetworkTimeout()I)
2020-03-13 17:48:32.657 INFO  [main] com.zaxxer.hikari.HikariDataSource - ExpendHikariCP - Start completed.
2020-03-13 17:48:32.735 INFO  [main] org.hibernate.jpa.internal.util.LogHelper - HHH000204: Processing PersistenceUnitInfo [
	name: default
	...]
2020-03-13 17:48:32.876 INFO  [main] org.hibernate.Version - HHH000412: Hibernate Core {5.3.10.Final}
2020-03-13 17:48:32.878 INFO  [main] org.hibernate.cfg.Environment - HHH000206: hibernate.properties not found
2020-03-13 17:48:33.113 INFO  [main] org.hibernate.annotations.common.Version - HCANN000001: Hibernate Commons Annotations {5.0.4.Final}
2020-03-13 17:48:33.397 INFO  [main] org.hibernate.dialect.Dialect - HHH000400: Using dialect: org.hibernate.dialect.MySQL5Dialect
2020-03-13 17:48:34.398 INFO  [main] o.s.orm.jpa.LocalContainerEntityManagerFactoryBean - Initialized JPA EntityManagerFactory for persistence unit 'default'
2020-03-13 17:48:34.993 INFO  [main] o.h.hql.internal.QueryTranslatorFactoryInitiator - HHH000397: Using ASTQueryTranslatorFactory
2020-03-13 17:48:35.801 INFO  [main] s.d.s.w.PropertySourcedRequestMappingHandlerMapping - Mapped URL path [/v2/api-docs] onto method [public org.springframework.http.ResponseEntity<springfox.documentation.spring.web.json.Json> springfox.documentation.swagger2.web.Swagger2Controller.getDocumentation(java.lang.String,javax.servlet.http.HttpServletRequest)]
2020-03-13 17:48:36.012 INFO  [main] o.s.scheduling.concurrent.ThreadPoolTaskExecutor - Initializing ExecutorService 'applicationTaskExecutor'
2020-03-13 17:48:36.187 WARN  [main] org.thymeleaf.templatemode.TemplateMode - [THYMELEAF][main] Template Mode 'LEGACYHTML5' is deprecated. Using Template Mode 'HTML' instead.
2020-03-13 17:48:36.582 INFO  [main] s.d.s.web.plugins.DocumentationPluginsBootstrapper - Context refreshed
2020-03-13 17:48:36.601 INFO  [main] s.d.s.web.plugins.DocumentationPluginsBootstrapper - Found 1 custom documentation plugin(s)
2020-03-13 17:48:36.717 INFO  [main] s.d.spring.web.scanners.ApiListingReferenceScanner - Scanning for api listing references
2020-03-13 17:48:36.990 INFO  [main] s.d.s.w.r.operation.CachingOperationNameGenerator - Generating unique operation named: deleteUsingDELETE_1
2020-03-13 17:48:37.036 INFO  [main] s.d.s.w.r.operation.CachingOperationNameGenerator - Generating unique operation named: listUsingGET_1
2020-03-13 17:48:37.043 INFO  [main] s.d.s.w.r.operation.CachingOperationNameGenerator - Generating unique operation named: managePageUsingGET_1
2020-03-13 17:48:37.089 INFO  [main] s.d.s.w.r.operation.CachingOperationNameGenerator - Generating unique operation named: deleteUsingDELETE_2
2020-03-13 17:48:37.101 INFO  [main] s.d.s.w.r.operation.CachingOperationNameGenerator - Generating unique operation named: listUsingGET_2
2020-03-13 17:48:37.106 INFO  [main] s.d.s.w.r.operation.CachingOperationNameGenerator - Generating unique operation named: managePageUsingGET_2
2020-03-13 17:48:37.121 INFO  [main] s.d.s.w.r.operation.CachingOperationNameGenerator - Generating unique operation named: updateUsingPOST_1
2020-03-13 17:48:37.125 INFO  [main] s.d.s.w.r.operation.CachingOperationNameGenerator - Generating unique operation named: listUsingGET_3
2020-03-13 17:48:37.149 INFO  [main] s.d.s.w.r.operation.CachingOperationNameGenerator - Generating unique operation named: categoryUsingGET_1
2020-03-13 17:48:37.157 INFO  [main] s.d.s.w.r.operation.CachingOperationNameGenerator - Generating unique operation named: detailUsingGET_1
2020-03-13 17:48:37.163 INFO  [main] s.d.s.w.r.operation.CachingOperationNameGenerator - Generating unique operation named: indexUsingGET_1
2020-03-13 17:48:37.165 INFO  [main] s.d.s.w.r.operation.CachingOperationNameGenerator - Generating unique operation named: indexUsingGET_2
2020-03-13 17:48:37.200 INFO  [main] s.d.s.w.r.operation.CachingOperationNameGenerator - Generating unique operation named: searchUsingGET_1
2020-03-13 17:48:37.210 INFO  [main] s.d.s.w.r.operation.CachingOperationNameGenerator - Generating unique operation named: tagUsingGET_1
2020-03-13 17:48:37.218 INFO  [main] s.d.s.w.r.operation.CachingOperationNameGenerator - Generating unique operation named: deleteUsingDELETE_3
2020-03-13 17:48:37.241 INFO  [main] s.d.s.w.r.operation.CachingOperationNameGenerator - Generating unique operation named: listUsingGET_4
2020-03-13 17:48:37.247 INFO  [main] s.d.s.w.r.operation.CachingOperationNameGenerator - Generating unique operation named: managePageUsingGET_3
2020-03-13 17:48:37.263 INFO  [main] s.d.s.w.r.operation.CachingOperationNameGenerator - Generating unique operation named: saveUsingPOST_1
2020-03-13 17:48:37.271 INFO  [main] s.d.s.w.r.operation.CachingOperationNameGenerator - Generating unique operation named: updateUsingPOST_2
2020-03-13 17:48:37.279 INFO  [main] s.d.s.w.r.operation.CachingOperationNameGenerator - Generating unique operation named: deleteUsingDELETE_4
2020-03-13 17:48:37.290 INFO  [main] s.d.s.w.r.operation.CachingOperationNameGenerator - Generating unique operation named: listUsingGET_5
2020-03-13 17:48:37.295 INFO  [main] s.d.s.w.r.operation.CachingOperationNameGenerator - Generating unique operation named: managePageUsingGET_4
2020-03-13 17:48:37.302 INFO  [main] s.d.s.w.r.operation.CachingOperationNameGenerator - Generating unique operation named: saveUsingPOST_2
2020-03-13 17:48:37.338 INFO  [main] org.apache.coyote.http11.Http11NioProtocol - Starting ProtocolHandler ["http-nio-8081"]
2020-03-13 17:48:37.379 INFO  [main] o.s.boot.web.embedded.tomcat.TomcatWebServer - Tomcat started on port(s): 8081 (http) with context path ''
2020-03-13 17:49:02.780 INFO  [http-nio-8081-exec-2] o.a.c.core.ContainerBase.[Tomcat].[localhost].[/] - Initializing Spring DispatcherServlet 'dispatcherServlet'
2020-03-13 17:49:02.781 INFO  [http-nio-8081-exec-2] org.springframework.web.servlet.DispatcherServlet - Initializing Servlet 'dispatcherServlet'
2020-03-13 17:49:02.795 INFO  [http-nio-8081-exec-2] org.springframework.web.servlet.DispatcherServlet - Completed initialization in 14 ms
2020-03-13 17:49:06.463 INFO  [http-nio-8081-exec-1] com.yeming.site.biz.BacksatgeBiz - 获取系统配置信息:[{"configDesc":"底部About","configName":"footerAbout","configValue":"2BB personal blog to keep","createTime":1583919763335,"id":1,"isDeleted":0,"updateTime":1583981435953},{"configDesc":"底部Copy Right","configName":"footerCopyRight","configValue":"2020 2BB","createTime":1583919763339,"id":2,"isDeleted":0,"updateTime":1583981181337},{"configDesc":"底部备案号","configName":"footerICP","configValue":"浙ICP备1※※※※※※※号-※","createTime":1583919763341,"id":3,"isDeleted":0,"updateTime":1583981271212},{"configDesc":"底部Powered By","configName":"footerPoweredBy","configValue":"https://github.com/gaoyeming","createTime":1583919763343,"id":4,"isDeleted":0,"updateTime":1583919763343},{"configDesc":"底部Powered By URL","configName":"footerPoweredByURL","configValue":"https://github.com/gaoyeming","createTime":1583919763344,"id":5,"isDeleted":0,"updateTime":1583919763344},{"configDesc":"站点描述","configName":"websiteDescription","configValue":"personal blog是SpringBoot2+Thymeleaf+JPA建造的个人博客网站.SpringBoot实战博客源码.个人博客搭建","createTime":1583919763345,"id":6,"isDeleted":0,"updateTime":1583981461041},{"configDesc":"favicon.ico","configName":"websiteIcon","configValue":"/admin/dist/img/favicon.png","createTime":1583919763346,"id":7,"isDeleted":0,"updateTime":1583919763346},{"configDesc":"站点Logo","configName":"websiteLogo","configValue":"/admin/dist/img/logo2.png","createTime":1583919763348,"id":8,"isDeleted":0,"updateTime":1583919763348},{"configDesc":"站点名称","configName":"websiteName","configValue":"2BB BLOG","createTime":1583919763349,"id":9,"isDeleted":0,"updateTime":1583980998840},{"configDesc":"个人头像","configName":"yourAvatar","configValue":"/admin/dist/img/personal.jpg","createTime":1583919763350,"id":10,"isDeleted":0,"updateTime":1583919763350},{"configDesc":"个人邮箱","configName":"yourEmail","configValue":"yeming.gao@aliyun.com","createTime":1583919763352,"id":11,"isDeleted":0,"updateTime":1583981034435},{"configDesc":"个人名称","configName":"yourName","configValue":"我爱2B哥","createTime":1583919763353,"id":12,"isDeleted":0,"updateTime":1583919763353}]
2020-03-13 17:49:25.895 INFO  [http-nio-8081-exec-10] c.y.site.service.common.BackstageCategoryService - 获取数据库中分类的数量,共3条
2020-03-13 17:49:25.913 INFO  [http-nio-8081-exec-10] com.yeming.site.service.common.BackstageTagService - 获取数据库中标签的数量,共3条
2020-03-13 17:49:25.934 INFO  [http-nio-8081-exec-10] c.y.s.service.common.BackstageBlogCommentService - 获取数据库中评论的数量,共2条
2020-03-13 17:49:25.942 INFO  [http-nio-8081-exec-10] c.yeming.site.service.common.BackstageBlogService - 获取数据库中博客的数量,共3条
2020-03-13 17:49:25.960 INFO  [http-nio-8081-exec-10] c.y.site.service.common.BackstageCategoryService - 获取数据库中友链的数量,共2条
2020-03-13 17:53:38.188 INFO  [http-nio-8081-exec-4] com.yeming.site.biz.BacksatgeBiz - 2标签判断成功
2020-03-13 17:53:38.193 INFO  [http-nio-8081-exec-4] com.yeming.site.biz.BacksatgeBiz - 3分类判断成功
2020-03-13 17:53:38.203 INFO  [http-nio-8081-exec-4] com.yeming.site.biz.BacksatgeBiz - {"blogCategoryId":3,"blogContent":"11","blogCoverImage":"http://127.0.0.1:8080/static/FM20200313_175329853.jpg","blogStatus":1,"blogSubUrl":"11","blogTitle":"11","enableComment":0,"id":4,"isDeleted":0}博客新增成功
2020-03-13 17:53:38.210 INFO  [http-nio-8081-exec-4] com.yeming.site.biz.BacksatgeBiz - blogId=4、tagIds=2博客标签关联成功
2020-03-13 17:53:38.228 INFO  [http-nio-8081-exec-4] com.yeming.site.biz.BacksatgeBiz - id=3对应的分类等级成功加一
2020-03-13 17:53:56.458 INFO  [http-nio-8081-exec-6] com.yeming.site.biz.BacksatgeBiz - 2标签判断成功
2020-03-13 17:53:56.463 INFO  [http-nio-8081-exec-6] com.yeming.site.biz.BacksatgeBiz - 3分类判断成功
2020-03-13 17:53:56.483 INFO  [http-nio-8081-exec-6] com.yeming.site.biz.BacksatgeBiz - {"blogCategoryId":3,"blogContent":"11\n\n![](http://127.0.0.1:8080/static/MD20200313_175349694.jpg)","blogCoverImage":"http://127.0.0.1:8080/static/FM20200313_175329853.jpg","blogStatus":1,"blogSubUrl":"11","blogTitle":"11","enableComment":0,"id":4,"isDeleted":0}博客更新成功
2020-03-13 17:53:56.502 INFO  [http-nio-8081-exec-6] com.yeming.site.biz.BacksatgeBiz - blogId=4、tagIds=2博客标签关联成功
2020-03-13 17:57:00.790 INFO  [main] o.s.d.r.config.RepositoryConfigurationDelegate - Bootstrapping Spring Data repositories in DEFAULT mode.
2020-03-13 17:57:00.942 INFO  [main] o.s.d.r.config.RepositoryConfigurationDelegate - Finished Spring Data repository scanning in 135ms. Found 9 repository interfaces.
2020-03-13 17:57:01.512 INFO  [main] o.s.c.s.PostProcessorRegistrationDelegate$BeanPostProcessorChecker - Bean 'org.springframework.transaction.annotation.ProxyTransactionManagementConfiguration' of type [org.springframework.transaction.annotation.ProxyTransactionManagementConfiguration$$EnhancerBySpringCGLIB$$7b529db2] is not eligible for getting processed by all BeanPostProcessors (for example: not eligible for auto-proxying)
2020-03-13 17:57:02.048 INFO  [main] o.s.boot.web.embedded.tomcat.TomcatWebServer - Tomcat initialized with port(s): 8081 (http)
2020-03-13 17:57:02.074 INFO  [main] org.apache.coyote.http11.Http11NioProtocol - Initializing ProtocolHandler ["http-nio-8081"]
2020-03-13 17:57:02.087 INFO  [main] org.apache.catalina.core.StandardService - Starting service [Tomcat]
2020-03-13 17:57:02.088 INFO  [main] org.apache.catalina.core.StandardEngine - Starting Servlet engine: [Apache Tomcat/9.0.22]
2020-03-13 17:57:02.366 INFO  [main] o.a.c.core.ContainerBase.[Tomcat].[localhost].[/] - Initializing Spring embedded WebApplicationContext
2020-03-13 17:57:02.367 INFO  [main] org.springframework.web.context.ContextLoader - Root WebApplicationContext: initialization completed in 3150 ms
2020-03-13 17:57:02.614 INFO  [main] com.zaxxer.hikari.HikariDataSource - ExpendHikariCP - Starting...
2020-03-13 17:57:02.786 INFO  [main] com.zaxxer.hikari.pool.PoolBase - ExpendHikariCP - Driver does not support get/set network timeout for connections. (com.mysql.jdbc.JDBC4Connection.getNetworkTimeout()I)
2020-03-13 17:57:02.793 INFO  [main] com.zaxxer.hikari.HikariDataSource - ExpendHikariCP - Start completed.
2020-03-13 17:57:02.862 INFO  [main] org.hibernate.jpa.internal.util.LogHelper - HHH000204: Processing PersistenceUnitInfo [
	name: default
	...]
2020-03-13 17:57:02.999 INFO  [main] org.hibernate.Version - HHH000412: Hibernate Core {5.3.10.Final}
2020-03-13 17:57:03.008 INFO  [main] org.hibernate.cfg.Environment - HHH000206: hibernate.properties not found
2020-03-13 17:57:03.230 INFO  [main] org.hibernate.annotations.common.Version - HCANN000001: Hibernate Commons Annotations {5.0.4.Final}
2020-03-13 17:57:03.532 INFO  [main] org.hibernate.dialect.Dialect - HHH000400: Using dialect: org.hibernate.dialect.MySQL5Dialect
2020-03-13 17:57:04.618 INFO  [main] o.s.orm.jpa.LocalContainerEntityManagerFactoryBean - Initialized JPA EntityManagerFactory for persistence unit 'default'
2020-03-13 17:57:05.139 INFO  [main] o.h.hql.internal.QueryTranslatorFactoryInitiator - HHH000397: Using ASTQueryTranslatorFactory
2020-03-13 17:57:05.838 INFO  [main] s.d.s.w.PropertySourcedRequestMappingHandlerMapping - Mapped URL path [/v2/api-docs] onto method [public org.springframework.http.ResponseEntity<springfox.documentation.spring.web.json.Json> springfox.documentation.swagger2.web.Swagger2Controller.getDocumentation(java.lang.String,javax.servlet.http.HttpServletRequest)]
2020-03-13 17:57:06.087 INFO  [main] o.s.scheduling.concurrent.ThreadPoolTaskExecutor - Initializing ExecutorService 'applicationTaskExecutor'
2020-03-13 17:57:06.244 WARN  [main] org.thymeleaf.templatemode.TemplateMode - [THYMELEAF][main] Template Mode 'LEGACYHTML5' is deprecated. Using Template Mode 'HTML' instead.
2020-03-13 17:57:06.601 INFO  [main] s.d.s.web.plugins.DocumentationPluginsBootstrapper - Context refreshed
2020-03-13 17:57:06.621 INFO  [main] s.d.s.web.plugins.DocumentationPluginsBootstrapper - Found 1 custom documentation plugin(s)
2020-03-13 17:57:06.739 INFO  [main] s.d.spring.web.scanners.ApiListingReferenceScanner - Scanning for api listing references
2020-03-13 17:57:06.978 INFO  [main] s.d.s.w.r.operation.CachingOperationNameGenerator - Generating unique operation named: deleteUsingDELETE_1
2020-03-13 17:57:07.012 INFO  [main] s.d.s.w.r.operation.CachingOperationNameGenerator - Generating unique operation named: listUsingGET_1
2020-03-13 17:57:07.017 INFO  [main] s.d.s.w.r.operation.CachingOperationNameGenerator - Generating unique operation named: managePageUsingGET_1
2020-03-13 17:57:07.056 INFO  [main] s.d.s.w.r.operation.CachingOperationNameGenerator - Generating unique operation named: deleteUsingDELETE_2
2020-03-13 17:57:07.067 INFO  [main] s.d.s.w.r.operation.CachingOperationNameGenerator - Generating unique operation named: listUsingGET_2
2020-03-13 17:57:07.072 INFO  [main] s.d.s.w.r.operation.CachingOperationNameGenerator - Generating unique operation named: managePageUsingGET_2
2020-03-13 17:57:07.087 INFO  [main] s.d.s.w.r.operation.CachingOperationNameGenerator - Generating unique operation named: updateUsingPOST_1
2020-03-13 17:57:07.091 INFO  [main] s.d.s.w.r.operation.CachingOperationNameGenerator - Generating unique operation named: listUsingGET_3
2020-03-13 17:57:07.116 INFO  [main] s.d.s.w.r.operation.CachingOperationNameGenerator - Generating unique operation named: categoryUsingGET_1
2020-03-13 17:57:07.123 INFO  [main] s.d.s.w.r.operation.CachingOperationNameGenerator - Generating unique operation named: detailUsingGET_1
2020-03-13 17:57:07.129 INFO  [main] s.d.s.w.r.operation.CachingOperationNameGenerator - Generating unique operation named: indexUsingGET_1
2020-03-13 17:57:07.131 INFO  [main] s.d.s.w.r.operation.CachingOperationNameGenerator - Generating unique operation named: indexUsingGET_2
2020-03-13 17:57:07.164 INFO  [main] s.d.s.w.r.operation.CachingOperationNameGenerator - Generating unique operation named: searchUsingGET_1
2020-03-13 17:57:07.172 INFO  [main] s.d.s.w.r.operation.CachingOperationNameGenerator - Generating unique operation named: tagUsingGET_1
2020-03-13 17:57:07.178 INFO  [main] s.d.s.w.r.operation.CachingOperationNameGenerator - Generating unique operation named: deleteUsingDELETE_3
2020-03-13 17:57:07.198 INFO  [main] s.d.s.w.r.operation.CachingOperationNameGenerator - Generating unique operation named: listUsingGET_4
2020-03-13 17:57:07.208 INFO  [main] s.d.s.w.r.operation.CachingOperationNameGenerator - Generating unique operation named: managePageUsingGET_3
2020-03-13 17:57:07.227 INFO  [main] s.d.s.w.r.operation.CachingOperationNameGenerator - Generating unique operation named: saveUsingPOST_1
2020-03-13 17:57:07.238 INFO  [main] s.d.s.w.r.operation.CachingOperationNameGenerator - Generating unique operation named: updateUsingPOST_2
2020-03-13 17:57:07.245 INFO  [main] s.d.s.w.r.operation.CachingOperationNameGenerator - Generating unique operation named: deleteUsingDELETE_4
2020-03-13 17:57:07.258 INFO  [main] s.d.s.w.r.operation.CachingOperationNameGenerator - Generating unique operation named: listUsingGET_5
2020-03-13 17:57:07.263 INFO  [main] s.d.s.w.r.operation.CachingOperationNameGenerator - Generating unique operation named: managePageUsingGET_4
2020-03-13 17:57:07.273 INFO  [main] s.d.s.w.r.operation.CachingOperationNameGenerator - Generating unique operation named: saveUsingPOST_2
2020-03-13 17:57:07.310 INFO  [main] org.apache.coyote.http11.Http11NioProtocol - Starting ProtocolHandler ["http-nio-8081"]
2020-03-13 17:57:07.346 INFO  [main] o.s.boot.web.embedded.tomcat.TomcatWebServer - Tomcat started on port(s): 8081 (http) with context path ''
2020-03-13 17:57:18.585 INFO  [http-nio-8081-exec-2] o.a.c.core.ContainerBase.[Tomcat].[localhost].[/] - Initializing Spring DispatcherServlet 'dispatcherServlet'
2020-03-13 17:57:18.585 INFO  [http-nio-8081-exec-2] org.springframework.web.servlet.DispatcherServlet - Initializing Servlet 'dispatcherServlet'
2020-03-13 17:57:18.600 INFO  [http-nio-8081-exec-2] org.springframework.web.servlet.DispatcherServlet - Completed initialization in 15 ms
2020-03-13 17:57:19.062 INFO  [http-nio-8081-exec-2] com.yeming.site.biz.BacksatgeBiz - 获取系统配置信息:[{"configDesc":"底部About","configName":"footerAbout","configValue":"2BB personal blog to keep","createTime":1583919763335,"id":1,"isDeleted":0,"updateTime":1583981435953},{"configDesc":"底部Copy Right","configName":"footerCopyRight","configValue":"2020 2BB","createTime":1583919763339,"id":2,"isDeleted":0,"updateTime":1583981181337},{"configDesc":"底部备案号","configName":"footerICP","configValue":"浙ICP备1※※※※※※※号-※","createTime":1583919763341,"id":3,"isDeleted":0,"updateTime":1583981271212},{"configDesc":"底部Powered By","configName":"footerPoweredBy","configValue":"https://github.com/gaoyeming","createTime":1583919763343,"id":4,"isDeleted":0,"updateTime":1583919763343},{"configDesc":"底部Powered By URL","configName":"footerPoweredByURL","configValue":"https://github.com/gaoyeming","createTime":1583919763344,"id":5,"isDeleted":0,"updateTime":1583919763344},{"configDesc":"站点描述","configName":"websiteDescription","configValue":"personal blog是SpringBoot2+Thymeleaf+JPA建造的个人博客网站.SpringBoot实战博客源码.个人博客搭建","createTime":1583919763345,"id":6,"isDeleted":0,"updateTime":1583981461041},{"configDesc":"favicon.ico","configName":"websiteIcon","configValue":"/admin/dist/img/favicon.png","createTime":1583919763346,"id":7,"isDeleted":0,"updateTime":1583919763346},{"configDesc":"站点Logo","configName":"websiteLogo","configValue":"/admin/dist/img/logo2.png","createTime":1583919763348,"id":8,"isDeleted":0,"updateTime":1583919763348},{"configDesc":"站点名称","configName":"websiteName","configValue":"2BB BLOG","createTime":1583919763349,"id":9,"isDeleted":0,"updateTime":1583980998840},{"configDesc":"个人头像","configName":"yourAvatar","configValue":"/admin/dist/img/personal.jpg","createTime":1583919763350,"id":10,"isDeleted":0,"updateTime":1583919763350},{"configDesc":"个人邮箱","configName":"yourEmail","configValue":"yeming.gao@aliyun.com","createTime":1583919763352,"id":11,"isDeleted":0,"updateTime":1583981034435},{"configDesc":"个人名称","configName":"yourName","configValue":"我爱2B哥","createTime":1583919763353,"id":12,"isDeleted":0,"updateTime":1583919763353}]
2020-03-13 17:57:22.124 INFO  [http-nio-8081-exec-2] com.yeming.site.biz.BacksatgeBiz - 获取系统配置信息:[{"configDesc":"底部About","configName":"footerAbout","configValue":"2BB personal blog to keep","createTime":1583919763335,"id":1,"isDeleted":0,"updateTime":1583981435953},{"configDesc":"底部Copy Right","configName":"footerCopyRight","configValue":"2020 2BB","createTime":1583919763339,"id":2,"isDeleted":0,"updateTime":1583981181337},{"configDesc":"底部备案号","configName":"footerICP","configValue":"浙ICP备1※※※※※※※号-※","createTime":1583919763341,"id":3,"isDeleted":0,"updateTime":1583981271212},{"configDesc":"底部Powered By","configName":"footerPoweredBy","configValue":"https://github.com/gaoyeming","createTime":1583919763343,"id":4,"isDeleted":0,"updateTime":1583919763343},{"configDesc":"底部Powered By URL","configName":"footerPoweredByURL","configValue":"https://github.com/gaoyeming","createTime":1583919763344,"id":5,"isDeleted":0,"updateTime":1583919763344},{"configDesc":"站点描述","configName":"websiteDescription","configValue":"personal blog是SpringBoot2+Thymeleaf+JPA建造的个人博客网站.SpringBoot实战博客源码.个人博客搭建","createTime":1583919763345,"id":6,"isDeleted":0,"updateTime":1583981461041},{"configDesc":"favicon.ico","configName":"websiteIcon","configValue":"/admin/dist/img/favicon.png","createTime":1583919763346,"id":7,"isDeleted":0,"updateTime":1583919763346},{"configDesc":"站点Logo","configName":"websiteLogo","configValue":"/admin/dist/img/logo2.png","createTime":1583919763348,"id":8,"isDeleted":0,"updateTime":1583919763348},{"configDesc":"站点名称","configName":"websiteName","configValue":"2BB BLOG","createTime":1583919763349,"id":9,"isDeleted":0,"updateTime":1583980998840},{"configDesc":"个人头像","configName":"yourAvatar","configValue":"/admin/dist/img/personal.jpg","createTime":1583919763350,"id":10,"isDeleted":0,"updateTime":1583919763350},{"configDesc":"个人邮箱","configName":"yourEmail","configValue":"yeming.gao@aliyun.com","createTime":1583919763352,"id":11,"isDeleted":0,"updateTime":1583981034435},{"configDesc":"个人名称","configName":"yourName","configValue":"我爱2B哥","createTime":1583919763353,"id":12,"isDeleted":0,"updateTime":1583919763353}]
2020-03-13 17:57:31.153 INFO  [http-nio-8081-exec-9] com.yeming.site.biz.BacksatgeBiz - 获取系统配置信息:[{"configDesc":"底部About","configName":"footerAbout","configValue":"2BB personal blog to keep","createTime":1583919763335,"id":1,"isDeleted":0,"updateTime":1583981435953},{"configDesc":"底部Copy Right","configName":"footerCopyRight","configValue":"2020 2BB","createTime":1583919763339,"id":2,"isDeleted":0,"updateTime":1583981181337},{"configDesc":"底部备案号","configName":"footerICP","configValue":"浙ICP备1※※※※※※※号-※","createTime":1583919763341,"id":3,"isDeleted":0,"updateTime":1583981271212},{"configDesc":"底部Powered By","configName":"footerPoweredBy","configValue":"https://github.com/gaoyeming","createTime":1583919763343,"id":4,"isDeleted":0,"updateTime":1583919763343},{"configDesc":"底部Powered By URL","configName":"footerPoweredByURL","configValue":"https://github.com/gaoyeming","createTime":1583919763344,"id":5,"isDeleted":0,"updateTime":1583919763344},{"configDesc":"站点描述","configName":"websiteDescription","configValue":"personal blog是SpringBoot2+Thymeleaf+JPA建造的个人博客网站.SpringBoot实战博客源码.个人博客搭建","createTime":1583919763345,"id":6,"isDeleted":0,"updateTime":1583981461041},{"configDesc":"favicon.ico","configName":"websiteIcon","configValue":"/admin/dist/img/favicon.png","createTime":1583919763346,"id":7,"isDeleted":0,"updateTime":1583919763346},{"configDesc":"站点Logo","configName":"websiteLogo","configValue":"/admin/dist/img/logo2.png","createTime":1583919763348,"id":8,"isDeleted":0,"updateTime":1583919763348},{"configDesc":"站点名称","configName":"websiteName","configValue":"2BB BLOG","createTime":1583919763349,"id":9,"isDeleted":0,"updateTime":1583980998840},{"configDesc":"个人头像","configName":"yourAvatar","configValue":"/admin/dist/img/personal.jpg","createTime":1583919763350,"id":10,"isDeleted":0,"updateTime":1583919763350},{"configDesc":"个人邮箱","configName":"yourEmail","configValue":"yeming.gao@aliyun.com","createTime":1583919763352,"id":11,"isDeleted":0,"updateTime":1583981034435},{"configDesc":"个人名称","configName":"yourName","configValue":"我爱2B哥","createTime":1583919763353,"id":12,"isDeleted":0,"updateTime":1583919763353}]
2020-03-13 17:57:34.489 INFO  [http-nio-8081-exec-2] com.yeming.site.biz.BacksatgeBiz - 获取系统配置信息:[{"configDesc":"底部About","configName":"footerAbout","configValue":"2BB personal blog to keep","createTime":1583919763335,"id":1,"isDeleted":0,"updateTime":1583981435953},{"configDesc":"底部Copy Right","configName":"footerCopyRight","configValue":"2020 2BB","createTime":1583919763339,"id":2,"isDeleted":0,"updateTime":1583981181337},{"configDesc":"底部备案号","configName":"footerICP","configValue":"浙ICP备1※※※※※※※号-※","createTime":1583919763341,"id":3,"isDeleted":0,"updateTime":1583981271212},{"configDesc":"底部Powered By","configName":"footerPoweredBy","configValue":"https://github.com/gaoyeming","createTime":1583919763343,"id":4,"isDeleted":0,"updateTime":1583919763343},{"configDesc":"底部Powered By URL","configName":"footerPoweredByURL","configValue":"https://github.com/gaoyeming","createTime":1583919763344,"id":5,"isDeleted":0,"updateTime":1583919763344},{"configDesc":"站点描述","configName":"websiteDescription","configValue":"personal blog是SpringBoot2+Thymeleaf+JPA建造的个人博客网站.SpringBoot实战博客源码.个人博客搭建","createTime":1583919763345,"id":6,"isDeleted":0,"updateTime":1583981461041},{"configDesc":"favicon.ico","configName":"websiteIcon","configValue":"/admin/dist/img/favicon.png","createTime":1583919763346,"id":7,"isDeleted":0,"updateTime":1583919763346},{"configDesc":"站点Logo","configName":"websiteLogo","configValue":"/admin/dist/img/logo2.png","createTime":1583919763348,"id":8,"isDeleted":0,"updateTime":1583919763348},{"configDesc":"站点名称","configName":"websiteName","configValue":"2BB BLOG","createTime":1583919763349,"id":9,"isDeleted":0,"updateTime":1583980998840},{"configDesc":"个人头像","configName":"yourAvatar","configValue":"/admin/dist/img/personal.jpg","createTime":1583919763350,"id":10,"isDeleted":0,"updateTime":1583919763350},{"configDesc":"个人邮箱","configName":"yourEmail","configValue":"yeming.gao@aliyun.com","createTime":1583919763352,"id":11,"isDeleted":0,"updateTime":1583981034435},{"configDesc":"个人名称","configName":"yourName","configValue":"我爱2B哥","createTime":1583919763353,"id":12,"isDeleted":0,"updateTime":1583919763353}]
